<?xml version="1.0" encoding="UTF-8"?>
<beans xmlns="http://www.springframework.org/schema/beans"
      xmlns:mvc="http://www.springframework.org/schema/mvc"
      xmlns:xsi="http://www.w3.org/2001/XMLSchema-instance"
      xsi:schemaLocation="
      http://www.springframework.org/schema/beans http://www.springframework.org/schema/beans/spring-beans-4.0.xsd
      http://www.springframework.org/schema/mvc http://www.springframework.org/schema/mvc/spring-mvc-4.0.xsd
      ">

	<mvc:annotation-driven />
	
	<bean id="userControllerTest" class="org.nercita.mockito.test.TestUserController" />
	
	<!-- 被依赖的服务 -->
    <bean id="testUserService" class="org.mockito.Mockito" factory-method="mock">
      <constructor-arg value="org.nercita.mockito.test.TestUserService" />
    </bean>
	
<!-- 	<bean id="userQueryServiceTest" class="com.weibo.service.impl.UserQueryServiceImpl" />
	被依赖的服务
    <bean id="userService" class="org.mockito.Mockito" factory-method="mock">
      <constructor-arg value="com.weibo.service.UserService" />
    </bean> -->
	
</beans>